# JRE version: OpenJDK Runtime Environment Temurin-21.0.7+6 (21.0.7+6) (build 21.0.7+6-LTS)
# Java VM: OpenJDK 64-Bit Server VM Temurin-21.0.7+6 (21.0.7+6-LTS, mixed mode, sharing, tiered, compressed oops, compressed class ptrs, parallel gc, windows-amd64)
GC Precious Log:
 CardTable entry size: 512
 CPUs: 12 total, 12 available
 Memory: 16332M
 Large Page Support: Disabled
 NUMA Support: Disabled
 Compressed Oops: Enabled (32-bit)
 Alignments: Space 512K, Generation 512K, Heap 2M
 Heap Min Capacity: 100M
 Heap Initial Capacity: 100M
 Heap Max Capacity: 1G
 Pre-touch: Disabled
 Parallel Workers: 10
Heap:
 PSYoungGen      total 19968K, used 14394K [0x00000000eab00000, 0x00000000ec380000, 0x0000000100000000)
  eden space 15360K, 63% used [0x00000000eab00000,0x00000000eb4959b8,0x00000000eba00000)
  from space 4608K, 99% used [0x00000000eba80000,0x00000000ebef8f60,0x00000000ebf00000)
  to   space 3584K, 0% used [0x00000000ec000000,0x00000000ec000000,0x00000000ec380000)
 ParOldGen       total 281088K, used 276708K [0x00000000c0000000, 0x00000000d1280000, 0x00000000eab00000)
  object space 281088K, 98% used [0x00000000c0000000,0x00000000d0e391d8,0x00000000d1280000)
 Metaspace       used 58684K, committed 59968K, reserved 1114112K
  class space    used 5955K, committed 6528K, reserved 1048576K
GC Heap History (20 events):
Event: 9.775 GC heap before
{Heap before GC invocations=293 (full 3):
 PSYoungGen      total 10240K, used 10219K [0x00000000eab00000, 0x00000000eba80000, 0x0000000100000000)
  eden space 7680K, 100% used [0x00000000eab00000,0x00000000eb280000,0x00000000eb280000)
  from space 2560K, 99% used [0x00000000eb280000,0x00000000eb4fae88,0x00000000eb500000)
  to   space 3584K, 0% used [0x00000000eb700000,0x00000000eb700000,0x00000000eba80000)
 ParOldGen       total 281088K, used 251851K [0x00000000c0000000, 0x00000000d1280000, 0x00000000eab00000)
  object space 281088K, 89% used [0x00000000c0000000,0x00000000cf5f2d78,0x00000000d1280000)
 Metaspace       used 58049K, committed 59328K, reserved 1114112K
  class space    used 5941K, committed 6464K, reserved 1048576K
}
Event: 9.778 GC heap after
{Heap after GC invocations=293 (full 3):
 PSYoungGen      total 10752K, used 2034K [0x00000000eab00000, 0x00000000eb900000, 0x0000000100000000)
  eden space 8704K, 0% used [0x00000000eab00000,0x00000000eab00000,0x00000000eb380000)
  from space 2048K, 99% used [0x00000000eb700000,0x00000000eb8fcab8,0x00000000eb900000)
  to   space 2560K, 0% used [0x00000000eb400000,0x00000000eb400000,0x00000000eb680000)
 ParOldGen       total 281088K, used 254327K [0x00000000c0000000, 0x00000000d1280000, 0x00000000eab00000)
  object space 281088K, 90% used [0x00000000c0000000,0x00000000cf85dfa8,0x00000000d1280000)
 Metaspace       used 58049K, committed 59328K, reserved 1114112K
  class space    used 5941K, committed 6464K, reserved 1048576K
}
Event: 9.807 GC heap before
{Heap before GC invocations=294 (full 3):
 PSYoungGen      total 10752K, used 10738K [0x00000000eab00000, 0x00000000eb900000, 0x0000000100000000)
  eden space 8704K, 100% used [0x00000000eab00000,0x00000000eb380000,0x00000000eb380000)
  from space 2048K, 99% used [0x00000000eb700000,0x00000000eb8fcab8,0x00000000eb900000)
  to   space 2560K, 0% used [0x00000000eb400000,0x00000000eb400000,0x00000000eb680000)
 ParOldGen       total 281088K, used 254327K [0x00000000c0000000, 0x00000000d1280000, 0x00000000eab00000)
  object space 281088K, 90% used [0x00000000c0000000,0x00000000cf85dfa8,0x00000000d1280000)
 Metaspace       used 58093K, committed 59328K, reserved 1114112K
  class space    used 5941K, committed 6464K, reserved 1048576K
}
Event: 9.810 GC heap after
{Heap after GC invocations=294 (full 3):
 PSYoungGen      total 11776K, used 2547K [0x00000000eab00000, 0x00000000ebd80000, 0x0000000100000000)
  eden space 9216K, 0% used [0x00000000eab00000,0x00000000eab00000,0x00000000eb400000)
  from space 2560K, 99% used [0x00000000eb400000,0x00000000eb67ce70,0x00000000eb680000)
  to   space 4608K, 0% used [0x00000000eb900000,0x00000000eb900000,0x00000000ebd80000)
 ParOldGen       total 281088K, used 255771K [0x00000000c0000000, 0x00000000d1280000, 0x00000000eab00000)
  object space 281088K, 90% used [0x00000000c0000000,0x00000000cf9c6fe0,0x00000000d1280000)
 Metaspace       used 58093K, committed 59328K, reserved 1114112K
  class space    used 5941K, committed 6464K, reserved 1048576K
}
Event: 9.836 GC heap before
{Heap before GC invocations=295 (full 3):
 PSYoungGen      total 11776K, used 11763K [0x00000000eab00000, 0x00000000ebd80000, 0x0000000100000000)
  eden space 9216K, 100% used [0x00000000eab00000,0x00000000eb400000,0x00000000eb400000)
  from space 2560K, 99% used [0x00000000eb400000,0x00000000eb67ce70,0x00000000eb680000)
  to   space 4608K, 0% used [0x00000000eb900000,0x00000000eb900000,0x00000000ebd80000)
 ParOldGen       total 281088K, used 255771K [0x00000000c0000000, 0x00000000d1280000, 0x00000000eab00000)
  object space 281088K, 90% used [0x00000000c0000000,0x00000000cf9c6fe0,0x00000000d1280000)
 Metaspace       used 58117K, committed 59392K, reserved 1114112K
  class space    used 5941K, committed 6464K, reserved 1048576K
}
Event: 9.838 GC heap after
{Heap after GC invocations=295 (full 3):
 PSYoungGen      total 12800K, used 2338K [0x00000000eab00000, 0x00000000ebb80000, 0x0000000100000000)
  eden space 10240K, 0% used [0x00000000eab00000,0x00000000eab00000,0x00000000eb500000)
  from space 2560K, 91% used [0x00000000eb900000,0x00000000ebb48aa0,0x00000000ebb80000)
  to   space 3072K, 0% used [0x00000000eb580000,0x00000000eb580000,0x00000000eb880000)
 ParOldGen       total 281088K, used 258254K [0x00000000c0000000, 0x00000000d1280000, 0x00000000eab00000)
  object space 281088K, 91% used [0x00000000c0000000,0x00000000cfc33b20,0x00000000d1280000)
 Metaspace       used 58117K, committed 59392K, reserved 1114112K
  class space    used 5941K, committed 6464K, reserved 1048576K
}
Event: 9.864 GC heap before
{Heap before GC invocations=296 (full 3):
 PSYoungGen      total 12800K, used 12578K [0x00000000eab00000, 0x00000000ebb80000, 0x0000000100000000)
  eden space 10240K, 100% used [0x00000000eab00000,0x00000000eb500000,0x00000000eb500000)
  from space 2560K, 91% used [0x00000000eb900000,0x00000000ebb48aa0,0x00000000ebb80000)
  to   space 3072K, 0% used [0x00000000eb580000,0x00000000eb580000,0x00000000eb880000)
 ParOldGen       total 281088K, used 258254K [0x00000000c0000000, 0x00000000d1280000, 0x00000000eab00000)
  object space 281088K, 91% used [0x00000000c0000000,0x00000000cfc33b20,0x00000000d1280000)
 Metaspace       used 58153K, committed 59392K, reserved 1114112K
  class space    used 5941K, committed 6464K, reserved 1048576K
}
Event: 9.867 GC heap after
{Heap after GC invocations=296 (full 3):
 PSYoungGen      total 13824K, used 3058K [0x00000000eab00000, 0x00000000ec000000, 0x0000000100000000)
  eden space 10752K, 0% used [0x00000000eab00000,0x00000000eab00000,0x00000000eb580000)
  from space 3072K, 99% used [0x00000000eb580000,0x00000000eb87cb80,0x00000000eb880000)
  to   space 5120K, 0% used [0x00000000ebb00000,0x00000000ebb00000,0x00000000ec000000)
 ParOldGen       total 281088K, used 259802K [0x00000000c0000000, 0x00000000d1280000, 0x00000000eab00000)
  object space 281088K, 92% used [0x00000000c0000000,0x00000000cfdb6860,0x00000000d1280000)
 Metaspace       used 58153K, committed 59392K, reserved 1114112K
  class space    used 5941K, committed 6464K, reserved 1048576K
}
Event: 9.896 GC heap before
{Heap before GC invocations=297 (full 3):
 PSYoungGen      total 13824K, used 13810K [0x00000000eab00000, 0x00000000ec000000, 0x0000000100000000)
  eden space 10752K, 100% used [0x00000000eab00000,0x00000000eb580000,0x00000000eb580000)
  from space 3072K, 99% used [0x00000000eb580000,0x00000000eb87cb80,0x00000000eb880000)
  to   space 5120K, 0% used [0x00000000ebb00000,0x00000000ebb00000,0x00000000ec000000)
 ParOldGen       total 281088K, used 259802K [0x00000000c0000000, 0x00000000d1280000, 0x00000000eab00000)
  object space 281088K, 92% used [0x00000000c0000000,0x00000000cfdb6860,0x00000000d1280000)
 Metaspace       used 58193K, committed 59520K, reserved 1114112K
  class space    used 5942K, committed 6528K, reserved 1048576K
}
Event: 9.899 GC heap after
{Heap after GC invocations=297 (full 3):
 PSYoungGen      total 14848K, used 2733K [0x00000000eab00000, 0x00000000ebe00000, 0x0000000100000000)
  eden space 11776K, 0% used [0x00000000eab00000,0x00000000eab00000,0x00000000eb680000)
  from space 3072K, 88% used [0x00000000ebb00000,0x00000000ebdab670,0x00000000ebe00000)
  to   space 3584K, 0% used [0x00000000eb700000,0x00000000eb700000,0x00000000eba80000)
 ParOldGen       total 281088K, used 262820K [0x00000000c0000000, 0x00000000d1280000, 0x00000000eab00000)
  object space 281088K, 93% used [0x00000000c0000000,0x00000000d00a9010,0x00000000d1280000)
 Metaspace       used 58193K, committed 59520K, reserved 1114112K
  class space    used 5942K, committed 6528K, reserved 1048576K
}
Event: 9.958 GC heap before
{Heap before GC invocations=298 (full 3):
 PSYoungGen      total 14848K, used 14509K [0x00000000eab00000, 0x00000000ebe00000, 0x0000000100000000)
  eden space 11776K, 100% used [0x00000000eab00000,0x00000000eb680000,0x00000000eb680000)
  from space 3072K, 88% used [0x00000000ebb00000,0x00000000ebdab670,0x00000000ebe00000)
  to   space 3584K, 0% used [0x00000000eb700000,0x00000000eb700000,0x00000000eba80000)
 ParOldGen       total 281088K, used 262820K [0x00000000c0000000, 0x00000000d1280000, 0x00000000eab00000)
  object space 281088K, 93% used [0x00000000c0000000,0x00000000d00a9010,0x00000000d1280000)
 Metaspace       used 58281K, committed 59584K, reserved 1114112K
  class space    used 5946K, committed 6528K, reserved 1048576K
}
Event: 9.961 GC heap after
{Heap after GC invocations=298 (full 3):
 PSYoungGen      total 15872K, used 3561K [0x00000000eab00000, 0x00000000ec380000, 0x0000000100000000)
  eden space 12288K, 0% used [0x00000000eab00000,0x00000000eab00000,0x00000000eb700000)
  from space 3584K, 99% used [0x00000000eb700000,0x00000000eba7a6e8,0x00000000eba80000)
  to   space 6144K, 0% used [0x00000000ebd80000,0x00000000ebd80000,0x00000000ec380000)
 ParOldGen       total 281088K, used 264462K [0x00000000c0000000, 0x00000000d1280000, 0x00000000eab00000)
  object space 281088K, 94% used [0x00000000c0000000,0x00000000d0243af8,0x00000000d1280000)
 Metaspace       used 58281K, committed 59584K, reserved 1114112K
  class space    used 5946K, committed 6528K, reserved 1048576K
}
Event: 9.999 GC heap before
{Heap before GC invocations=299 (full 3):
 PSYoungGen      total 15872K, used 15849K [0x00000000eab00000, 0x00000000ec380000, 0x0000000100000000)
  eden space 12288K, 100% used [0x00000000eab00000,0x00000000eb700000,0x00000000eb700000)
  from space 3584K, 99% used [0x00000000eb700000,0x00000000eba7a6e8,0x00000000eba80000)
  to   space 6144K, 0% used [0x00000000ebd80000,0x00000000ebd80000,0x00000000ec380000)
 ParOldGen       total 281088K, used 264462K [0x00000000c0000000, 0x00000000d1280000, 0x00000000eab00000)
  object space 281088K, 94% used [0x00000000c0000000,0x00000000d0243af8,0x00000000d1280000)
 Metaspace       used 58342K, committed 59648K, reserved 1114112K
  class space    used 5946K, committed 6528K, reserved 1048576K
}
Event: 10.003 GC heap after
{Heap after GC invocations=299 (full 3):
 PSYoungGen      total 16384K, used 2870K [0x00000000eab00000, 0x00000000ec080000, 0x0000000100000000)
  eden space 13312K, 0% used [0x00000000eab00000,0x00000000eab00000,0x00000000eb800000)
  from space 3072K, 93% used [0x00000000ebd80000,0x00000000ec04d8c0,0x00000000ec080000)
  to   space 4096K, 0% used [0x00000000eb880000,0x00000000eb880000,0x00000000ebc80000)
 ParOldGen       total 281088K, used 267856K [0x00000000c0000000, 0x00000000d1280000, 0x00000000eab00000)
  object space 281088K, 95% used [0x00000000c0000000,0x00000000d0594328,0x00000000d1280000)
 Metaspace       used 58342K, committed 59648K, reserved 1114112K
  class space    used 5946K, committed 6528K, reserved 1048576K
}
Event: 10.041 GC heap before
{Heap before GC invocations=300 (full 3):
 PSYoungGen      total 16384K, used 16182K [0x00000000eab00000, 0x00000000ec080000, 0x0000000100000000)
  eden space 13312K, 100% used [0x00000000eab00000,0x00000000eb800000,0x00000000eb800000)
  from space 3072K, 93% used [0x00000000ebd80000,0x00000000ec04d8c0,0x00000000ec080000)
  to   space 4096K, 0% used [0x00000000eb880000,0x00000000eb880000,0x00000000ebc80000)
 ParOldGen       total 281088K, used 267856K [0x00000000c0000000, 0x00000000d1280000, 0x00000000eab00000)
  object space 281088K, 95% used [0x00000000c0000000,0x00000000d0594328,0x00000000d1280000)
 Metaspace       used 58394K, committed 59648K, reserved 1114112K
  class space    used 5948K, committed 6528K, reserved 1048576K
}
Event: 10.044 GC heap after
{Heap after GC invocations=300 (full 3):
 PSYoungGen      total 17920K, used 4084K [0x00000000eab00000, 0x00000000ec680000, 0x0000000100000000)
  eden space 13824K, 0% used [0x00000000eab00000,0x00000000eab00000,0x00000000eb880000)
  from space 4096K, 99% used [0x00000000eb880000,0x00000000ebc7d150,0x00000000ebc80000)
  to   space 6656K, 0% used [0x00000000ec000000,0x00000000ec000000,0x00000000ec680000)
 ParOldGen       total 281088K, used 269702K [0x00000000c0000000, 0x00000000d1280000, 0x00000000eab00000)
  object space 281088K, 95% used [0x00000000c0000000,0x00000000d07619f8,0x00000000d1280000)
 Metaspace       used 58394K, committed 59648K, reserved 1114112K
  class space    used 5948K, committed 6528K, reserved 1048576K
}
Event: 10.083 GC heap before
{Heap before GC invocations=301 (full 3):
 PSYoungGen      total 17920K, used 17908K [0x00000000eab00000, 0x00000000ec680000, 0x0000000100000000)
  eden space 13824K, 100% used [0x00000000eab00000,0x00000000eb880000,0x00000000eb880000)
  from space 4096K, 99% used [0x00000000eb880000,0x00000000ebc7d150,0x00000000ebc80000)
  to   space 6656K, 0% used [0x00000000ec000000,0x00000000ec000000,0x00000000ec680000)
 ParOldGen       total 281088K, used 269702K [0x00000000c0000000, 0x00000000d1280000, 0x00000000eab00000)
  object space 281088K, 95% used [0x00000000c0000000,0x00000000d07619f8,0x00000000d1280000)
 Metaspace       used 58509K, committed 59776K, reserved 1114112K
  class space    used 5950K, committed 6528K, reserved 1048576K
}
Event: 10.090 GC heap after
{Heap after GC invocations=301 (full 3):
 PSYoungGen      total 18944K, used 3521K [0x00000000eab00000, 0x00000000ec380000, 0x0000000100000000)
  eden space 15360K, 0% used [0x00000000eab00000,0x00000000eab00000,0x00000000eba00000)
  from space 3584K, 98% used [0x00000000ec000000,0x00000000ec370538,0x00000000ec380000)
  to   space 4608K, 0% used [0x00000000eba80000,0x00000000eba80000,0x00000000ebf00000)
 ParOldGen       total 281088K, used 273602K [0x00000000c0000000, 0x00000000d1280000, 0x00000000eab00000)
  object space 281088K, 97% used [0x00000000c0000000,0x00000000d0b30808,0x00000000d1280000)
 Metaspace       used 58509K, committed 59776K, reserved 1114112K
  class space    used 5950K, committed 6528K, reserved 1048576K
}
Event: 10.135 GC heap before
{Heap before GC invocations=302 (full 3):
 PSYoungGen      total 18944K, used 18881K [0x00000000eab00000, 0x00000000ec380000, 0x0000000100000000)
  eden space 15360K, 100% used [0x00000000eab00000,0x00000000eba00000,0x00000000eba00000)
  from space 3584K, 98% used [0x00000000ec000000,0x00000000ec370538,0x00000000ec380000)
  to   space 4608K, 0% used [0x00000000eba80000,0x00000000eba80000,0x00000000ebf00000)
 ParOldGen       total 281088K, used 273602K [0x00000000c0000000, 0x00000000d1280000, 0x00000000eab00000)
  object space 281088K, 97% used [0x00000000c0000000,0x00000000d0b30808,0x00000000d1280000)
 Metaspace       used 58617K, committed 59904K, reserved 1114112K
  class space    used 5952K, committed 6528K, reserved 1048576K
}
Event: 10.139 GC heap after
{Heap after GC invocations=302 (full 3):
 PSYoungGen      total 19968K, used 4579K [0x00000000eab00000, 0x00000000ec380000, 0x0000000100000000)
  eden space 15360K, 0% used [0x00000000eab00000,0x00000000eab00000,0x00000000eba00000)
  from space 4608K, 99% used [0x00000000eba80000,0x00000000ebef8f60,0x00000000ebf00000)
  to   space 3584K, 0% used [0x00000000ec000000,0x00000000ec000000,0x00000000ec380000)
 ParOldGen       total 281088K, used 276708K [0x00000000c0000000, 0x00000000d1280000, 0x00000000eab00000)
  object space 281088K, 98% used [0x00000000c0000000,0x00000000d0e391d8,0x00000000d1280000)
 Metaspace       used 58617K, committed 59904K, reserved 1114112K
  class space    used 5952K, committed 6528K, reserved 1048576K
}

