# JRE version: OpenJDK Runtime Environment Temurin-21.0.7+6 (21.0.7+6) (build 21.0.7+6-LTS)
# Java VM: OpenJDK 64-Bit Server VM Temurin-21.0.7+6 (21.0.7+6-LTS, mixed mode, sharing, tiered, compressed oops, compressed class ptrs, parallel gc, windows-amd64)
GC Precious Log:
 CardTable entry size: 512
 CPUs: 12 total, 12 available
 Memory: 16332M
 Large Page Support: Disabled
 NUMA Support: Disabled
 Compressed Oops: Enabled (32-bit)
 Alignments: Space 512K, Generation 512K, Heap 2M
 Heap Min Capacity: 100M
 Heap Initial Capacity: 100M
 Heap Max Capacity: 1G
 Pre-touch: Disabled
 Parallel Workers: 10
Heap:
 PSYoungGen      total 3072K, used 2768K [0x00000000eab00000, 0x00000000eaf00000, 0x0000000100000000)
  eden space 2048K, 100% used [0x00000000eab00000,0x00000000ead00000,0x00000000ead00000)
  from space 1024K, 70% used [0x00000000eae00000,0x00000000eaeb42a0,0x00000000eaf00000)
  to   space 1024K, 64% used [0x00000000ead00000,0x00000000eada5d08,0x00000000eae00000)
 ParOldGen       total 271360K, used 271019K [0x00000000c0000000, 0x00000000d0900000, 0x00000000eab00000)
  object space 271360K, 99% used [0x00000000c0000000,0x00000000d08aac18,0x00000000d0900000)
 Metaspace       used 57614K, committed 58880K, reserved 1114112K
  class space    used 5910K, committed 6464K, reserved 1048576K
GC Heap History (20 events):
Event: 9.383 GC heap before
{Heap before GC invocations=226 (full 2):
 PSYoungGen      total 3072K, used 2624K [0x00000000eab00000, 0x00000000eaf80000, 0x0000000100000000)
  eden space 2048K, 100% used [0x00000000eab00000,0x00000000ead00000,0x00000000ead00000)
  from space 1024K, 56% used [0x00000000ead00000,0x00000000ead90000,0x00000000eae00000)
  to   space 1024K, 0% used [0x00000000eae80000,0x00000000eae80000,0x00000000eaf80000)
 ParOldGen       total 265728K, used 265362K [0x00000000c0000000, 0x00000000d0380000, 0x00000000eab00000)
  object space 265728K, 99% used [0x00000000c0000000,0x00000000d0324bc0,0x00000000d0380000)
 Metaspace       used 57458K, committed 58752K, reserved 1114112K
  class space    used 5896K, committed 6464K, reserved 1048576K
}
Event: 9.384 GC heap after
{Heap after GC invocations=226 (full 2):
 PSYoungGen      total 3072K, used 608K [0x00000000eab00000, 0x00000000eaf80000, 0x0000000100000000)
  eden space 2048K, 0% used [0x00000000eab00000,0x00000000eab00000,0x00000000ead00000)
  from space 1024K, 59% used [0x00000000eae80000,0x00000000eaf18000,0x00000000eaf80000)
  to   space 1024K, 0% used [0x00000000ead00000,0x00000000ead00000,0x00000000eae00000)
 ParOldGen       total 266240K, used 265814K [0x00000000c0000000, 0x00000000d0400000, 0x00000000eab00000)
  object space 266240K, 99% used [0x00000000c0000000,0x00000000d03958f0,0x00000000d0400000)
 Metaspace       used 57458K, committed 58752K, reserved 1114112K
  class space    used 5896K, committed 6464K, reserved 1048576K
}
Event: 9.397 GC heap before
{Heap before GC invocations=227 (full 2):
 PSYoungGen      total 3072K, used 2620K [0x00000000eab00000, 0x00000000eaf80000, 0x0000000100000000)
  eden space 2048K, 98% used [0x00000000eab00000,0x00000000eacf72c8,0x00000000ead00000)
  from space 1024K, 59% used [0x00000000eae80000,0x00000000eaf18000,0x00000000eaf80000)
  to   space 1024K, 0% used [0x00000000ead00000,0x00000000ead00000,0x00000000eae00000)
 ParOldGen       total 266240K, used 265814K [0x00000000c0000000, 0x00000000d0400000, 0x00000000eab00000)
  object space 266240K, 99% used [0x00000000c0000000,0x00000000d03958f0,0x00000000d0400000)
 Metaspace       used 57490K, committed 58816K, reserved 1114112K
  class space    used 5901K, committed 6464K, reserved 1048576K
}
Event: 9.399 GC heap after
{Heap after GC invocations=227 (full 2):
 PSYoungGen      total 3072K, used 576K [0x00000000eab00000, 0x00000000eaf00000, 0x0000000100000000)
  eden space 2048K, 0% used [0x00000000eab00000,0x00000000eab00000,0x00000000ead00000)
  from space 1024K, 56% used [0x00000000ead00000,0x00000000ead90000,0x00000000eae00000)
  to   space 1024K, 0% used [0x00000000eae00000,0x00000000eae00000,0x00000000eaf00000)
 ParOldGen       total 266752K, used 266272K [0x00000000c0000000, 0x00000000d0480000, 0x00000000eab00000)
  object space 266752K, 99% used [0x00000000c0000000,0x00000000d04081c0,0x00000000d0480000)
 Metaspace       used 57490K, committed 58816K, reserved 1114112K
  class space    used 5901K, committed 6464K, reserved 1048576K
}
Event: 9.405 GC heap before
{Heap before GC invocations=228 (full 2):
 PSYoungGen      total 3072K, used 2624K [0x00000000eab00000, 0x00000000eaf00000, 0x0000000100000000)
  eden space 2048K, 100% used [0x00000000eab00000,0x00000000ead00000,0x00000000ead00000)
  from space 1024K, 56% used [0x00000000ead00000,0x00000000ead90000,0x00000000eae00000)
  to   space 1024K, 0% used [0x00000000eae00000,0x00000000eae00000,0x00000000eaf00000)
 ParOldGen       total 266752K, used 266272K [0x00000000c0000000, 0x00000000d0480000, 0x00000000eab00000)
  object space 266752K, 99% used [0x00000000c0000000,0x00000000d04081c0,0x00000000d0480000)
 Metaspace       used 57499K, committed 58816K, reserved 1114112K
  class space    used 5902K, committed 6464K, reserved 1048576K
}
Event: 9.406 GC heap after
{Heap after GC invocations=228 (full 2):
 PSYoungGen      total 3072K, used 544K [0x00000000eab00000, 0x00000000eaf00000, 0x0000000100000000)
  eden space 2048K, 0% used [0x00000000eab00000,0x00000000eab00000,0x00000000ead00000)
  from space 1024K, 53% used [0x00000000eae00000,0x00000000eae88000,0x00000000eaf00000)
  to   space 1024K, 0% used [0x00000000ead00000,0x00000000ead00000,0x00000000eae00000)
 ParOldGen       total 266752K, used 266679K [0x00000000c0000000, 0x00000000d0480000, 0x00000000eab00000)
  object space 266752K, 99% used [0x00000000c0000000,0x00000000d046df58,0x00000000d0480000)
 Metaspace       used 57499K, committed 58816K, reserved 1114112K
  class space    used 5902K, committed 6464K, reserved 1048576K
}
Event: 9.415 GC heap before
{Heap before GC invocations=229 (full 2):
 PSYoungGen      total 3072K, used 2591K [0x00000000eab00000, 0x00000000eaf00000, 0x0000000100000000)
  eden space 2048K, 99% used [0x00000000eab00000,0x00000000eacffff8,0x00000000ead00000)
  from space 1024K, 53% used [0x00000000eae00000,0x00000000eae88000,0x00000000eaf00000)
  to   space 1024K, 0% used [0x00000000ead00000,0x00000000ead00000,0x00000000eae00000)
 ParOldGen       total 266752K, used 266679K [0x00000000c0000000, 0x00000000d0480000, 0x00000000eab00000)
  object space 266752K, 99% used [0x00000000c0000000,0x00000000d046df58,0x00000000d0480000)
 Metaspace       used 57522K, committed 58816K, reserved 1114112K
  class space    used 5902K, committed 6464K, reserved 1048576K
}
Event: 9.416 GC heap after
{Heap after GC invocations=229 (full 2):
 PSYoungGen      total 3072K, used 625K [0x00000000eab00000, 0x00000000eaf00000, 0x0000000100000000)
  eden space 2048K, 0% used [0x00000000eab00000,0x00000000eab00000,0x00000000ead00000)
  from space 1024K, 61% used [0x00000000ead00000,0x00000000ead9c550,0x00000000eae00000)
  to   space 1024K, 0% used [0x00000000eae00000,0x00000000eae00000,0x00000000eaf00000)
 ParOldGen       total 267264K, used 267088K [0x00000000c0000000, 0x00000000d0500000, 0x00000000eab00000)
  object space 267264K, 99% used [0x00000000c0000000,0x00000000d04d41d0,0x00000000d0500000)
 Metaspace       used 57522K, committed 58816K, reserved 1114112K
  class space    used 5902K, committed 6464K, reserved 1048576K
}
Event: 9.424 GC heap before
{Heap before GC invocations=230 (full 2):
 PSYoungGen      total 3072K, used 2673K [0x00000000eab00000, 0x00000000eaf00000, 0x0000000100000000)
  eden space 2048K, 100% used [0x00000000eab00000,0x00000000ead00000,0x00000000ead00000)
  from space 1024K, 61% used [0x00000000ead00000,0x00000000ead9c550,0x00000000eae00000)
  to   space 1024K, 0% used [0x00000000eae00000,0x00000000eae00000,0x00000000eaf00000)
 ParOldGen       total 267264K, used 267088K [0x00000000c0000000, 0x00000000d0500000, 0x00000000eab00000)
  object space 267264K, 99% used [0x00000000c0000000,0x00000000d04d41d0,0x00000000d0500000)
 Metaspace       used 57543K, committed 58880K, reserved 1114112K
  class space    used 5904K, committed 6464K, reserved 1048576K
}
Event: 9.425 GC heap after
{Heap after GC invocations=230 (full 2):
 PSYoungGen      total 3072K, used 576K [0x00000000eab00000, 0x00000000eaf00000, 0x0000000100000000)
  eden space 2048K, 0% used [0x00000000eab00000,0x00000000eab00000,0x00000000ead00000)
  from space 1024K, 56% used [0x00000000eae00000,0x00000000eae90000,0x00000000eaf00000)
  to   space 1024K, 0% used [0x00000000ead00000,0x00000000ead00000,0x00000000eae00000)
 ParOldGen       total 267776K, used 267566K [0x00000000c0000000, 0x00000000d0580000, 0x00000000eab00000)
  object space 267776K, 99% used [0x00000000c0000000,0x00000000d054baf0,0x00000000d0580000)
 Metaspace       used 57543K, committed 58880K, reserved 1114112K
  class space    used 5904K, committed 6464K, reserved 1048576K
}
Event: 9.438 GC heap before
{Heap before GC invocations=231 (full 2):
 PSYoungGen      total 3072K, used 2624K [0x00000000eab00000, 0x00000000eaf00000, 0x0000000100000000)
  eden space 2048K, 100% used [0x00000000eab00000,0x00000000ead00000,0x00000000ead00000)
  from space 1024K, 56% used [0x00000000eae00000,0x00000000eae90000,0x00000000eaf00000)
  to   space 1024K, 0% used [0x00000000ead00000,0x00000000ead00000,0x00000000eae00000)
 ParOldGen       total 267776K, used 267566K [0x00000000c0000000, 0x00000000d0580000, 0x00000000eab00000)
  object space 267776K, 99% used [0x00000000c0000000,0x00000000d054baf0,0x00000000d0580000)
 Metaspace       used 57567K, committed 58880K, reserved 1114112K
  class space    used 5908K, committed 6464K, reserved 1048576K
}
Event: 9.440 GC heap after
{Heap after GC invocations=231 (full 2):
 PSYoungGen      total 3072K, used 572K [0x00000000eab00000, 0x00000000eaf00000, 0x0000000100000000)
  eden space 2048K, 0% used [0x00000000eab00000,0x00000000eab00000,0x00000000ead00000)
  from space 1024K, 55% used [0x00000000ead00000,0x00000000ead8f128,0x00000000eae00000)
  to   space 1024K, 0% used [0x00000000eae00000,0x00000000eae00000,0x00000000eaf00000)
 ParOldGen       total 268288K, used 268027K [0x00000000c0000000, 0x00000000d0600000, 0x00000000eab00000)
  object space 268288K, 99% used [0x00000000c0000000,0x00000000d05bef20,0x00000000d0600000)
 Metaspace       used 57567K, committed 58880K, reserved 1114112K
  class space    used 5908K, committed 6464K, reserved 1048576K
}
Event: 9.447 GC heap before
{Heap before GC invocations=232 (full 2):
 PSYoungGen      total 3072K, used 2620K [0x00000000eab00000, 0x00000000eaf00000, 0x0000000100000000)
  eden space 2048K, 99% used [0x00000000eab00000,0x00000000eacfff00,0x00000000ead00000)
  from space 1024K, 55% used [0x00000000ead00000,0x00000000ead8f128,0x00000000eae00000)
  to   space 1024K, 0% used [0x00000000eae00000,0x00000000eae00000,0x00000000eaf00000)
 ParOldGen       total 268288K, used 268027K [0x00000000c0000000, 0x00000000d0600000, 0x00000000eab00000)
  object space 268288K, 99% used [0x00000000c0000000,0x00000000d05bef20,0x00000000d0600000)
 Metaspace       used 57580K, committed 58880K, reserved 1114112K
  class space    used 5910K, committed 6464K, reserved 1048576K
}
Event: 9.448 GC heap after
{Heap after GC invocations=232 (full 2):
 PSYoungGen      total 3072K, used 626K [0x00000000eab00000, 0x00000000eaf00000, 0x0000000100000000)
  eden space 2048K, 0% used [0x00000000eab00000,0x00000000eab00000,0x00000000ead00000)
  from space 1024K, 61% used [0x00000000eae00000,0x00000000eae9ca70,0x00000000eaf00000)
  to   space 1024K, 0% used [0x00000000ead00000,0x00000000ead00000,0x00000000eae00000)
 ParOldGen       total 268800K, used 268469K [0x00000000c0000000, 0x00000000d0680000, 0x00000000eab00000)
  object space 268800K, 99% used [0x00000000c0000000,0x00000000d062d4c8,0x00000000d0680000)
 Metaspace       used 57580K, committed 58880K, reserved 1114112K
  class space    used 5910K, committed 6464K, reserved 1048576K
}
Event: 9.459 GC heap before
{Heap before GC invocations=233 (full 2):
 PSYoungGen      total 3072K, used 2674K [0x00000000eab00000, 0x00000000eaf00000, 0x0000000100000000)
  eden space 2048K, 100% used [0x00000000eab00000,0x00000000ead00000,0x00000000ead00000)
  from space 1024K, 61% used [0x00000000eae00000,0x00000000eae9ca70,0x00000000eaf00000)
  to   space 1024K, 0% used [0x00000000ead00000,0x00000000ead00000,0x00000000eae00000)
 ParOldGen       total 268800K, used 268469K [0x00000000c0000000, 0x00000000d0680000, 0x00000000eab00000)
  object space 268800K, 99% used [0x00000000c0000000,0x00000000d062d4c8,0x00000000d0680000)
 Metaspace       used 57594K, committed 58880K, reserved 1114112K
  class space    used 5910K, committed 6464K, reserved 1048576K
}
Event: 9.460 GC heap after
{Heap after GC invocations=233 (full 2):
 PSYoungGen      total 3072K, used 544K [0x00000000eab00000, 0x00000000eaf00000, 0x0000000100000000)
  eden space 2048K, 0% used [0x00000000eab00000,0x00000000eab00000,0x00000000ead00000)
  from space 1024K, 53% used [0x00000000ead00000,0x00000000ead88000,0x00000000eae00000)
  to   space 1024K, 0% used [0x00000000eae00000,0x00000000eae00000,0x00000000eaf00000)
 ParOldGen       total 269312K, used 268940K [0x00000000c0000000, 0x00000000d0700000, 0x00000000eab00000)
  object space 269312K, 99% used [0x00000000c0000000,0x00000000d06a3230,0x00000000d0700000)
 Metaspace       used 57594K, committed 58880K, reserved 1114112K
  class space    used 5910K, committed 6464K, reserved 1048576K
}
Event: 9.467 GC heap before
{Heap before GC invocations=234 (full 2):
 PSYoungGen      total 3072K, used 2591K [0x00000000eab00000, 0x00000000eaf00000, 0x0000000100000000)
  eden space 2048K, 99% used [0x00000000eab00000,0x00000000eacffff8,0x00000000ead00000)
  from space 1024K, 53% used [0x00000000ead00000,0x00000000ead88000,0x00000000eae00000)
  to   space 1024K, 0% used [0x00000000eae00000,0x00000000eae00000,0x00000000eaf00000)
 ParOldGen       total 269312K, used 268940K [0x00000000c0000000, 0x00000000d0700000, 0x00000000eab00000)
  object space 269312K, 99% used [0x00000000c0000000,0x00000000d06a3230,0x00000000d0700000)
 Metaspace       used 57605K, committed 58880K, reserved 1114112K
  class space    used 5910K, committed 6464K, reserved 1048576K
}
Event: 9.470 GC heap after
{Heap after GC invocations=234 (full 2):
 PSYoungGen      total 3072K, used 797K [0x00000000eab00000, 0x00000000eaf00000, 0x0000000100000000)
  eden space 2048K, 0% used [0x00000000eab00000,0x00000000eab00000,0x00000000ead00000)
  from space 1024K, 77% used [0x00000000eae00000,0x00000000eaec7708,0x00000000eaf00000)
  to   space 1024K, 0% used [0x00000000ead00000,0x00000000ead00000,0x00000000eae00000)
 ParOldGen       total 269824K, used 269422K [0x00000000c0000000, 0x00000000d0780000, 0x00000000eab00000)
  object space 269824K, 99% used [0x00000000c0000000,0x00000000d071ba60,0x00000000d0780000)
 Metaspace       used 57605K, committed 58880K, reserved 1114112K
  class space    used 5910K, committed 6464K, reserved 1048576K
}
Event: 9.477 GC heap before
{Heap before GC invocations=235 (full 2):
 PSYoungGen      total 3072K, used 2845K [0x00000000eab00000, 0x00000000eaf00000, 0x0000000100000000)
  eden space 2048K, 100% used [0x00000000eab00000,0x00000000ead00000,0x00000000ead00000)
  from space 1024K, 77% used [0x00000000eae00000,0x00000000eaec7708,0x00000000eaf00000)
  to   space 1024K, 0% used [0x00000000ead00000,0x00000000ead00000,0x00000000eae00000)
 ParOldGen       total 269824K, used 269422K [0x00000000c0000000, 0x00000000d0780000, 0x00000000eab00000)
  object space 269824K, 99% used [0x00000000c0000000,0x00000000d071ba60,0x00000000d0780000)
 Metaspace       used 57608K, committed 58880K, reserved 1114112K
  class space    used 5910K, committed 6464K, reserved 1048576K
}
Event: 9.478 GC heap after
{Heap after GC invocations=235 (full 2):
 PSYoungGen      total 3072K, used 669K [0x00000000eab00000, 0x00000000eaf00000, 0x0000000100000000)
  eden space 2048K, 0% used [0x00000000eab00000,0x00000000eab00000,0x00000000ead00000)
  from space 1024K, 65% used [0x00000000ead00000,0x00000000eada74d8,0x00000000eae00000)
  to   space 1024K, 0% used [0x00000000eae00000,0x00000000eae00000,0x00000000eaf00000)
 ParOldGen       total 270336K, used 270001K [0x00000000c0000000, 0x00000000d0800000, 0x00000000eab00000)
  object space 270336K, 99% used [0x00000000c0000000,0x00000000d07ac5f0,0x00000000d0800000)
 Metaspace       used 57608K, committed 58880K, reserved 1114112K
  class space    used 5910K, committed 6464K, reserved 1048576K
}

