# JRE version: OpenJDK Runtime Environment Temurin-21.0.7+6 (21.0.7+6) (build 21.0.7+6-LTS)
# Java VM: OpenJDK 64-Bit Server VM Temurin-21.0.7+6 (21.0.7+6-LTS, mixed mode, sharing, tiered, compressed oops, compressed class ptrs, parallel gc, windows-amd64)
GC Precious Log:
 CardTable entry size: 512
 CPUs: 12 total, 12 available
 Memory: 16332M
 Large Page Support: Disabled
 NUMA Support: Disabled
 Compressed Oops: Enabled (32-bit)
 Alignments: Space 512K, Generation 512K, Heap 2M
 Heap Min Capacity: 100M
 Heap Initial Capacity: 100M
 Heap Max Capacity: 1G
 Pre-touch: Disabled
 Parallel Workers: 10
Heap:
 PSYoungGen      total 6144K, used 5017K [0x00000000eab00000, 0x00000000eb280000, 0x0000000100000000)
  eden space 4608K, 85% used [0x00000000eab00000,0x00000000eaed58d0,0x00000000eaf80000)
  from space 1536K, 71% used [0x00000000eaf80000,0x00000000eb090bf8,0x00000000eb100000)
  to   space 1536K, 0% used [0x00000000eb100000,0x00000000eb100000,0x00000000eb280000)
 ParOldGen       total 266240K, used 265805K [0x00000000c0000000, 0x00000000d0400000, 0x00000000eab00000)
  object space 266240K, 99% used [0x00000000c0000000,0x00000000d03934d0,0x00000000d0400000)
 Metaspace       used 55559K, committed 56768K, reserved 1114112K
  class space    used 5718K, committed 6272K, reserved 1048576K
GC Heap History (20 events):
Event: 16.542 GC heap before
{Heap before GC invocations=168 (full 2):
 PSYoungGen      total 6144K, used 6118K [0x00000000eab00000, 0x00000000eb480000, 0x0000000100000000)
  eden space 4608K, 99% used [0x00000000eab00000,0x00000000eaf7d0b8,0x00000000eaf80000)
  from space 1536K, 99% used [0x00000000eaf80000,0x00000000eb0fca50,0x00000000eb100000)
  to   space 2560K, 0% used [0x00000000eb200000,0x00000000eb200000,0x00000000eb480000)
 ParOldGen       total 257024K, used 256525K [0x00000000c0000000, 0x00000000cfb00000, 0x00000000eab00000)
  object space 257024K, 99% used [0x00000000c0000000,0x00000000cfa836f8,0x00000000cfb00000)
 Metaspace       used 54292K, committed 55488K, reserved 1114112K
  class space    used 5616K, committed 6144K, reserved 1048576K
}
Event: 16.544 GC heap after
{Heap after GC invocations=168 (full 2):
 PSYoungGen      total 6656K, used 1678K [0x00000000eab00000, 0x00000000eb400000, 0x0000000100000000)
  eden space 4608K, 0% used [0x00000000eab00000,0x00000000eab00000,0x00000000eaf80000)
  from space 2048K, 81% used [0x00000000eb200000,0x00000000eb3a3a70,0x00000000eb400000)
  to   space 2048K, 0% used [0x00000000eb000000,0x00000000eb000000,0x00000000eb200000)
 ParOldGen       total 257536K, used 257203K [0x00000000c0000000, 0x00000000cfb80000, 0x00000000eab00000)
  object space 257536K, 99% used [0x00000000c0000000,0x00000000cfb2cd90,0x00000000cfb80000)
 Metaspace       used 54292K, committed 55488K, reserved 1114112K
  class space    used 5616K, committed 6144K, reserved 1048576K
}
Event: 16.551 GC heap before
{Heap before GC invocations=169 (full 2):
 PSYoungGen      total 6656K, used 6286K [0x00000000eab00000, 0x00000000eb400000, 0x0000000100000000)
  eden space 4608K, 100% used [0x00000000eab00000,0x00000000eaf80000,0x00000000eaf80000)
  from space 2048K, 81% used [0x00000000eb200000,0x00000000eb3a3a70,0x00000000eb400000)
  to   space 2048K, 0% used [0x00000000eb000000,0x00000000eb000000,0x00000000eb200000)
 ParOldGen       total 257536K, used 257203K [0x00000000c0000000, 0x00000000cfb80000, 0x00000000eab00000)
  object space 257536K, 99% used [0x00000000c0000000,0x00000000cfb2cd90,0x00000000cfb80000)
 Metaspace       used 54293K, committed 55488K, reserved 1114112K
  class space    used 5616K, committed 6144K, reserved 1048576K
}
Event: 16.552 GC heap after
{Heap after GC invocations=169 (full 2):
 PSYoungGen      total 6656K, used 1672K [0x00000000eab00000, 0x00000000eb380000, 0x0000000100000000)
  eden space 4608K, 0% used [0x00000000eab00000,0x00000000eab00000,0x00000000eaf80000)
  from space 2048K, 81% used [0x00000000eb000000,0x00000000eb1a2268,0x00000000eb200000)
  to   space 1536K, 0% used [0x00000000eb200000,0x00000000eb200000,0x00000000eb380000)
 ParOldGen       total 258048K, used 257658K [0x00000000c0000000, 0x00000000cfc00000, 0x00000000eab00000)
  object space 258048K, 99% used [0x00000000c0000000,0x00000000cfb9ea70,0x00000000cfc00000)
 Metaspace       used 54293K, committed 55488K, reserved 1114112K
  class space    used 5616K, committed 6144K, reserved 1048576K
}
Event: 16.560 GC heap before
{Heap before GC invocations=170 (full 2):
 PSYoungGen      total 6656K, used 6280K [0x00000000eab00000, 0x00000000eb380000, 0x0000000100000000)
  eden space 4608K, 100% used [0x00000000eab00000,0x00000000eaf80000,0x00000000eaf80000)
  from space 2048K, 81% used [0x00000000eb000000,0x00000000eb1a2268,0x00000000eb200000)
  to   space 1536K, 0% used [0x00000000eb200000,0x00000000eb200000,0x00000000eb380000)
 ParOldGen       total 258048K, used 257658K [0x00000000c0000000, 0x00000000cfc00000, 0x00000000eab00000)
  object space 258048K, 99% used [0x00000000c0000000,0x00000000cfb9eb00,0x00000000cfc00000)
 Metaspace       used 54478K, committed 55680K, reserved 1114112K
  class space    used 5620K, committed 6144K, reserved 1048576K
}
Event: 16.562 GC heap after
{Heap after GC invocations=170 (full 2):
 PSYoungGen      total 5632K, used 625K [0x00000000eab00000, 0x00000000eb300000, 0x0000000100000000)
  eden space 4608K, 0% used [0x00000000eab00000,0x00000000eab00000,0x00000000eaf80000)
  from space 1024K, 61% used [0x00000000eb200000,0x00000000eb29c4f8,0x00000000eb300000)
  to   space 1024K, 0% used [0x00000000eb100000,0x00000000eb100000,0x00000000eb200000)
 ParOldGen       total 258560K, used 258157K [0x00000000c0000000, 0x00000000cfc80000, 0x00000000eab00000)
  object space 258560K, 99% used [0x00000000c0000000,0x00000000cfc1b4f0,0x00000000cfc80000)
 Metaspace       used 54478K, committed 55680K, reserved 1114112K
  class space    used 5620K, committed 6144K, reserved 1048576K
}
Event: 16.577 GC heap before
{Heap before GC invocations=171 (full 2):
 PSYoungGen      total 5632K, used 5233K [0x00000000eab00000, 0x00000000eb300000, 0x0000000100000000)
  eden space 4608K, 100% used [0x00000000eab00000,0x00000000eaf80000,0x00000000eaf80000)
  from space 1024K, 61% used [0x00000000eb200000,0x00000000eb29c4f8,0x00000000eb300000)
  to   space 1024K, 0% used [0x00000000eb100000,0x00000000eb100000,0x00000000eb200000)
 ParOldGen       total 258560K, used 258175K [0x00000000c0000000, 0x00000000cfc80000, 0x00000000eab00000)
  object space 258560K, 99% used [0x00000000c0000000,0x00000000cfc1fc08,0x00000000cfc80000)
 Metaspace       used 54558K, committed 55744K, reserved 1114112K
  class space    used 5630K, committed 6144K, reserved 1048576K
}
Event: 16.579 GC heap after
{Heap after GC invocations=171 (full 2):
 PSYoungGen      total 5632K, used 1009K [0x00000000eab00000, 0x00000000eb380000, 0x0000000100000000)
  eden space 4608K, 0% used [0x00000000eab00000,0x00000000eab00000,0x00000000eaf80000)
  from space 1024K, 98% used [0x00000000eb100000,0x00000000eb1fc550,0x00000000eb200000)
  to   space 1536K, 0% used [0x00000000eb200000,0x00000000eb200000,0x00000000eb380000)
 ParOldGen       total 259072K, used 258650K [0x00000000c0000000, 0x00000000cfd00000, 0x00000000eab00000)
  object space 259072K, 99% used [0x00000000c0000000,0x00000000cfc96808,0x00000000cfd00000)
 Metaspace       used 54558K, committed 55744K, reserved 1114112K
  class space    used 5630K, committed 6144K, reserved 1048576K
}
Event: 16.590 GC heap before
{Heap before GC invocations=172 (full 2):
 PSYoungGen      total 5632K, used 5617K [0x00000000eab00000, 0x00000000eb380000, 0x0000000100000000)
  eden space 4608K, 100% used [0x00000000eab00000,0x00000000eaf80000,0x00000000eaf80000)
  from space 1024K, 98% used [0x00000000eb100000,0x00000000eb1fc550,0x00000000eb200000)
  to   space 1536K, 0% used [0x00000000eb200000,0x00000000eb200000,0x00000000eb380000)
 ParOldGen       total 259072K, used 258650K [0x00000000c0000000, 0x00000000cfd00000, 0x00000000eab00000)
  object space 259072K, 99% used [0x00000000c0000000,0x00000000cfc96808,0x00000000cfd00000)
 Metaspace       used 54622K, committed 55808K, reserved 1114112K
  class space    used 5637K, committed 6144K, reserved 1048576K
}
Event: 16.593 GC heap after
{Heap after GC invocations=172 (full 2):
 PSYoungGen      total 6144K, used 1102K [0x00000000eab00000, 0x00000000eb380000, 0x0000000100000000)
  eden space 4608K, 0% used [0x00000000eab00000,0x00000000eab00000,0x00000000eaf80000)
  from space 1536K, 71% used [0x00000000eb200000,0x00000000eb313b98,0x00000000eb380000)
  to   space 1536K, 0% used [0x00000000eb080000,0x00000000eb080000,0x00000000eb200000)
 ParOldGen       total 259584K, used 259559K [0x00000000c0000000, 0x00000000cfd80000, 0x00000000eab00000)
  object space 259584K, 99% used [0x00000000c0000000,0x00000000cfd79d60,0x00000000cfd80000)
 Metaspace       used 54622K, committed 55808K, reserved 1114112K
  class space    used 5637K, committed 6144K, reserved 1048576K
}
Event: 16.613 GC heap before
{Heap before GC invocations=173 (full 2):
 PSYoungGen      total 6144K, used 5710K [0x00000000eab00000, 0x00000000eb380000, 0x0000000100000000)
  eden space 4608K, 100% used [0x00000000eab00000,0x00000000eaf80000,0x00000000eaf80000)
  from space 1536K, 71% used [0x00000000eb200000,0x00000000eb313b98,0x00000000eb380000)
  to   space 1536K, 0% used [0x00000000eb080000,0x00000000eb080000,0x00000000eb200000)
 ParOldGen       total 259584K, used 259559K [0x00000000c0000000, 0x00000000cfd80000, 0x00000000eab00000)
  object space 259584K, 99% used [0x00000000c0000000,0x00000000cfd79d60,0x00000000cfd80000)
 Metaspace       used 54737K, committed 55936K, reserved 1114112K
  class space    used 5649K, committed 6144K, reserved 1048576K
}
Event: 16.615 GC heap after
{Heap after GC invocations=173 (full 2):
 PSYoungGen      total 6144K, used 1117K [0x00000000eab00000, 0x00000000eb280000, 0x0000000100000000)
  eden space 4608K, 0% used [0x00000000eab00000,0x00000000eab00000,0x00000000eaf80000)
  from space 1536K, 72% used [0x00000000eb080000,0x00000000eb197708,0x00000000eb200000)
  to   space 512K, 0% used [0x00000000eb200000,0x00000000eb200000,0x00000000eb280000)
 ParOldGen       total 260608K, used 260499K [0x00000000c0000000, 0x00000000cfe80000, 0x00000000eab00000)
  object space 260608K, 99% used [0x00000000c0000000,0x00000000cfe64c88,0x00000000cfe80000)
 Metaspace       used 54737K, committed 55936K, reserved 1114112K
  class space    used 5649K, committed 6144K, reserved 1048576K
}
Event: 16.640 GC heap before
{Heap before GC invocations=174 (full 2):
 PSYoungGen      total 6144K, used 5725K [0x00000000eab00000, 0x00000000eb280000, 0x0000000100000000)
  eden space 4608K, 100% used [0x00000000eab00000,0x00000000eaf80000,0x00000000eaf80000)
  from space 1536K, 72% used [0x00000000eb080000,0x00000000eb197708,0x00000000eb200000)
  to   space 512K, 0% used [0x00000000eb200000,0x00000000eb200000,0x00000000eb280000)
 ParOldGen       total 260608K, used 260499K [0x00000000c0000000, 0x00000000cfe80000, 0x00000000eab00000)
  object space 260608K, 99% used [0x00000000c0000000,0x00000000cfe64c88,0x00000000cfe80000)
 Metaspace       used 55167K, committed 56384K, reserved 1114112K
  class space    used 5696K, committed 6208K, reserved 1048576K
}
Event: 16.642 GC heap after
{Heap after GC invocations=174 (full 2):
 PSYoungGen      total 5120K, used 499K [0x00000000eab00000, 0x00000000eb380000, 0x0000000100000000)
  eden space 4608K, 0% used [0x00000000eab00000,0x00000000eab00000,0x00000000eaf80000)
  from space 512K, 97% used [0x00000000eb200000,0x00000000eb27cdc0,0x00000000eb280000)
  to   space 2048K, 0% used [0x00000000eaf80000,0x00000000eaf80000,0x00000000eb180000)
 ParOldGen       total 261632K, used 261573K [0x00000000c0000000, 0x00000000cff80000, 0x00000000eab00000)
  object space 261632K, 99% used [0x00000000c0000000,0x00000000cff71500,0x00000000cff80000)
 Metaspace       used 55167K, committed 56384K, reserved 1114112K
  class space    used 5696K, committed 6208K, reserved 1048576K
}
Event: 16.661 GC heap before
{Heap before GC invocations=175 (full 2):
 PSYoungGen      total 5120K, used 5107K [0x00000000eab00000, 0x00000000eb380000, 0x0000000100000000)
  eden space 4608K, 100% used [0x00000000eab00000,0x00000000eaf80000,0x00000000eaf80000)
  from space 512K, 97% used [0x00000000eb200000,0x00000000eb27cdc0,0x00000000eb280000)
  to   space 2048K, 0% used [0x00000000eaf80000,0x00000000eaf80000,0x00000000eb180000)
 ParOldGen       total 261632K, used 261573K [0x00000000c0000000, 0x00000000cff80000, 0x00000000eab00000)
  object space 261632K, 99% used [0x00000000c0000000,0x00000000cff71500,0x00000000cff80000)
 Metaspace       used 55418K, committed 56576K, reserved 1114112K
  class space    used 5713K, committed 6208K, reserved 1048576K
}
Event: 16.663 GC heap after
{Heap after GC invocations=175 (full 2):
 PSYoungGen      total 5632K, used 984K [0x00000000eab00000, 0x00000000eb280000, 0x0000000100000000)
  eden space 4608K, 0% used [0x00000000eab00000,0x00000000eab00000,0x00000000eaf80000)
  from space 1024K, 96% used [0x00000000eaf80000,0x00000000eb076360,0x00000000eb080000)
  to   space 1536K, 0% used [0x00000000eb100000,0x00000000eb100000,0x00000000eb280000)
 ParOldGen       total 262144K, used 262041K [0x00000000c0000000, 0x00000000d0000000, 0x00000000eab00000)
  object space 262144K, 99% used [0x00000000c0000000,0x00000000cffe66d8,0x00000000d0000000)
 Metaspace       used 55418K, committed 56576K, reserved 1114112K
  class space    used 5713K, committed 6208K, reserved 1048576K
}
Event: 16.701 GC heap before
{Heap before GC invocations=176 (full 2):
 PSYoungGen      total 5632K, used 5592K [0x00000000eab00000, 0x00000000eb280000, 0x0000000100000000)
  eden space 4608K, 100% used [0x00000000eab00000,0x00000000eaf80000,0x00000000eaf80000)
  from space 1024K, 96% used [0x00000000eaf80000,0x00000000eb076360,0x00000000eb080000)
  to   space 1536K, 0% used [0x00000000eb100000,0x00000000eb100000,0x00000000eb280000)
 ParOldGen       total 262144K, used 262041K [0x00000000c0000000, 0x00000000d0000000, 0x00000000eab00000)
  object space 262144K, 99% used [0x00000000c0000000,0x00000000cffe66d8,0x00000000d0000000)
 Metaspace       used 55490K, committed 56768K, reserved 1114112K
  class space    used 5716K, committed 6272K, reserved 1048576K
}
Event: 16.703 GC heap after
{Heap after GC invocations=176 (full 2):
 PSYoungGen      total 6144K, used 1029K [0x00000000eab00000, 0x00000000eb280000, 0x0000000100000000)
  eden space 4608K, 0% used [0x00000000eab00000,0x00000000eab00000,0x00000000eaf80000)
  from space 1536K, 67% used [0x00000000eb100000,0x00000000eb2017c8,0x00000000eb280000)
  to   space 1536K, 0% used [0x00000000eaf80000,0x00000000eaf80000,0x00000000eb100000)
 ParOldGen       total 263168K, used 262857K [0x00000000c0000000, 0x00000000d0100000, 0x00000000eab00000)
  object space 263168K, 99% used [0x00000000c0000000,0x00000000d00b24c0,0x00000000d0100000)
 Metaspace       used 55490K, committed 56768K, reserved 1114112K
  class space    used 5716K, committed 6272K, reserved 1048576K
}
Event: 16.721 GC heap before
{Heap before GC invocations=177 (full 2):
 PSYoungGen      total 6144K, used 5637K [0x00000000eab00000, 0x00000000eb280000, 0x0000000100000000)
  eden space 4608K, 99% used [0x00000000eab00000,0x00000000eaf7fff8,0x00000000eaf80000)
  from space 1536K, 67% used [0x00000000eb100000,0x00000000eb2017c8,0x00000000eb280000)
  to   space 1536K, 0% used [0x00000000eaf80000,0x00000000eaf80000,0x00000000eb100000)
 ParOldGen       total 263168K, used 262857K [0x00000000c0000000, 0x00000000d0100000, 0x00000000eab00000)
  object space 263168K, 99% used [0x00000000c0000000,0x00000000d00b24c0,0x00000000d0100000)
 Metaspace       used 55504K, committed 56768K, reserved 1114112K
  class space    used 5717K, committed 6272K, reserved 1048576K
}
Event: 16.723 GC heap after
{Heap after GC invocations=177 (full 2):
 PSYoungGen      total 6144K, used 1208K [0x00000000eab00000, 0x00000000eb280000, 0x0000000100000000)
  eden space 4608K, 0% used [0x00000000eab00000,0x00000000eab00000,0x00000000eaf80000)
  from space 1536K, 78% used [0x00000000eaf80000,0x00000000eb0ae1a8,0x00000000eb100000)
  to   space 1536K, 0% used [0x00000000eb100000,0x00000000eb100000,0x00000000eb280000)
 ParOldGen       total 264192K, used 263743K [0x00000000c0000000, 0x00000000d0200000, 0x00000000eab00000)
  object space 264192K, 99% used [0x00000000c0000000,0x00000000d018ffe8,0x00000000d0200000)
 Metaspace       used 55504K, committed 56768K, reserved 1114112K
  class space    used 5717K, committed 6272K, reserved 1048576K
}

