# JRE version: OpenJDK Runtime Environment Temurin-21.0.7+6 (21.0.7+6) (build 21.0.7+6-LTS)
# Java VM: OpenJDK 64-Bit Server VM Temurin-21.0.7+6 (21.0.7+6-LTS, mixed mode, sharing, tiered, compressed oops, compressed class ptrs, parallel gc, windows-amd64)
GC Precious Log:
 CardTable entry size: 512
 CPUs: 12 total, 12 available
 Memory: 16332M
 Large Page Support: Disabled
 NUMA Support: Disabled
 Compressed Oops: Enabled (32-bit)
 Alignments: Space 512K, Generation 512K, Heap 2M
 Heap Min Capacity: 100M
 Heap Initial Capacity: 100M
 Heap Max Capacity: 1G
 Pre-touch: Disabled
 Parallel Workers: 10
Heap:
 PSYoungGen      total 6656K, used 6560K [0x00000000eab00000, 0x00000000eb300000, 0x0000000100000000)
  eden space 5120K, 100% used [0x00000000eab00000,0x00000000eb000000,0x00000000eb000000)
  from space 1536K, 93% used [0x00000000eb180000,0x00000000eb2e8000,0x00000000eb300000)
  to   space 1536K, 83% used [0x00000000eb000000,0x00000000eb141d78,0x00000000eb180000)
 ParOldGen       total 254464K, used 254077K [0x00000000c0000000, 0x00000000cf880000, 0x00000000eab00000)
  object space 254464K, 99% used [0x00000000c0000000,0x00000000cf81f758,0x00000000cf880000)
 Metaspace       used 55777K, committed 57088K, reserved 1114112K
  class space    used 5767K, committed 6336K, reserved 1048576K
GC Heap History (20 events):
Event: 8.276 GC heap after
{Heap after GC invocations=176 (full 2):
 PSYoungGen      total 7168K, used 1698K [0x00000000eab00000, 0x00000000eb400000, 0x0000000100000000)
  eden space 5120K, 0% used [0x00000000eab00000,0x00000000eab00000,0x00000000eb000000)
  from space 2048K, 82% used [0x00000000eb200000,0x00000000eb3a8888,0x00000000eb400000)
  to   space 2048K, 0% used [0x00000000eb000000,0x00000000eb000000,0x00000000eb200000)
 ParOldGen       total 244224K, used 243720K [0x00000000c0000000, 0x00000000cee80000, 0x00000000eab00000)
  object space 244224K, 99% used [0x00000000c0000000,0x00000000cee023a8,0x00000000cee80000)
 Metaspace       used 55400K, committed 56640K, reserved 1114112K
  class space    used 5723K, committed 6272K, reserved 1048576K
}
Event: 8.290 GC heap before
{Heap before GC invocations=177 (full 2):
 PSYoungGen      total 7168K, used 6818K [0x00000000eab00000, 0x00000000eb400000, 0x0000000100000000)
  eden space 5120K, 100% used [0x00000000eab00000,0x00000000eb000000,0x00000000eb000000)
  from space 2048K, 82% used [0x00000000eb200000,0x00000000eb3a8888,0x00000000eb400000)
  to   space 2048K, 0% used [0x00000000eb000000,0x00000000eb000000,0x00000000eb200000)
 ParOldGen       total 244224K, used 243720K [0x00000000c0000000, 0x00000000cee80000, 0x00000000eab00000)
  object space 244224K, 99% used [0x00000000c0000000,0x00000000cee023a8,0x00000000cee80000)
 Metaspace       used 55412K, committed 56640K, reserved 1114112K
  class space    used 5723K, committed 6272K, reserved 1048576K
}
Event: 8.293 GC heap after
{Heap after GC invocations=177 (full 2):
 PSYoungGen      total 6656K, used 1323K [0x00000000eab00000, 0x00000000eb300000, 0x0000000100000000)
  eden space 5120K, 0% used [0x00000000eab00000,0x00000000eab00000,0x00000000eb000000)
  from space 1536K, 86% used [0x00000000eb000000,0x00000000eb14ac70,0x00000000eb180000)
  to   space 1536K, 0% used [0x00000000eb180000,0x00000000eb180000,0x00000000eb300000)
 ParOldGen       total 245248K, used 245220K [0x00000000c0000000, 0x00000000cef80000, 0x00000000eab00000)
  object space 245248K, 99% used [0x00000000c0000000,0x00000000cef79290,0x00000000cef80000)
 Metaspace       used 55412K, committed 56640K, reserved 1114112K
  class space    used 5723K, committed 6272K, reserved 1048576K
}
Event: 8.315 GC heap before
{Heap before GC invocations=178 (full 2):
 PSYoungGen      total 6656K, used 6443K [0x00000000eab00000, 0x00000000eb300000, 0x0000000100000000)
  eden space 5120K, 100% used [0x00000000eab00000,0x00000000eb000000,0x00000000eb000000)
  from space 1536K, 86% used [0x00000000eb000000,0x00000000eb14ac70,0x00000000eb180000)
  to   space 1536K, 0% used [0x00000000eb180000,0x00000000eb180000,0x00000000eb300000)
 ParOldGen       total 245248K, used 245220K [0x00000000c0000000, 0x00000000cef80000, 0x00000000eab00000)
  object space 245248K, 99% used [0x00000000c0000000,0x00000000cef79290,0x00000000cef80000)
 Metaspace       used 55434K, committed 56640K, reserved 1114112K
  class space    used 5724K, committed 6272K, reserved 1048576K
}
Event: 8.317 GC heap after
{Heap after GC invocations=178 (full 2):
 PSYoungGen      total 6656K, used 1321K [0x00000000eab00000, 0x00000000eb300000, 0x0000000100000000)
  eden space 5120K, 0% used [0x00000000eab00000,0x00000000eab00000,0x00000000eb000000)
  from space 1536K, 86% used [0x00000000eb180000,0x00000000eb2ca4e8,0x00000000eb300000)
  to   space 1536K, 0% used [0x00000000eb000000,0x00000000eb000000,0x00000000eb180000)
 ParOldGen       total 246784K, used 246430K [0x00000000c0000000, 0x00000000cf100000, 0x00000000eab00000)
  object space 246784K, 99% used [0x00000000c0000000,0x00000000cf0a78c8,0x00000000cf100000)
 Metaspace       used 55434K, committed 56640K, reserved 1114112K
  class space    used 5724K, committed 6272K, reserved 1048576K
}
Event: 8.341 GC heap before
{Heap before GC invocations=179 (full 2):
 PSYoungGen      total 6656K, used 6441K [0x00000000eab00000, 0x00000000eb300000, 0x0000000100000000)
  eden space 5120K, 100% used [0x00000000eab00000,0x00000000eb000000,0x00000000eb000000)
  from space 1536K, 86% used [0x00000000eb180000,0x00000000eb2ca4e8,0x00000000eb300000)
  to   space 1536K, 0% used [0x00000000eb000000,0x00000000eb000000,0x00000000eb180000)
 ParOldGen       total 246784K, used 246430K [0x00000000c0000000, 0x00000000cf100000, 0x00000000eab00000)
  object space 246784K, 99% used [0x00000000c0000000,0x00000000cf0a78c8,0x00000000cf100000)
 Metaspace       used 55455K, committed 56704K, reserved 1114112K
  class space    used 5725K, committed 6272K, reserved 1048576K
}
Event: 8.344 GC heap after
{Heap after GC invocations=179 (full 2):
 PSYoungGen      total 6656K, used 1302K [0x00000000eab00000, 0x00000000eb300000, 0x0000000100000000)
  eden space 5120K, 0% used [0x00000000eab00000,0x00000000eab00000,0x00000000eb000000)
  from space 1536K, 84% used [0x00000000eb000000,0x00000000eb145a30,0x00000000eb180000)
  to   space 1536K, 0% used [0x00000000eb180000,0x00000000eb180000,0x00000000eb300000)
 ParOldGen       total 247808K, used 247573K [0x00000000c0000000, 0x00000000cf200000, 0x00000000eab00000)
  object space 247808K, 99% used [0x00000000c0000000,0x00000000cf1c55f0,0x00000000cf200000)
 Metaspace       used 55455K, committed 56704K, reserved 1114112K
  class space    used 5725K, committed 6272K, reserved 1048576K
}
Event: 8.366 GC heap before
{Heap before GC invocations=180 (full 2):
 PSYoungGen      total 6656K, used 6422K [0x00000000eab00000, 0x00000000eb300000, 0x0000000100000000)
  eden space 5120K, 100% used [0x00000000eab00000,0x00000000eb000000,0x00000000eb000000)
  from space 1536K, 84% used [0x00000000eb000000,0x00000000eb145a30,0x00000000eb180000)
  to   space 1536K, 0% used [0x00000000eb180000,0x00000000eb180000,0x00000000eb300000)
 ParOldGen       total 247808K, used 247573K [0x00000000c0000000, 0x00000000cf200000, 0x00000000eab00000)
  object space 247808K, 99% used [0x00000000c0000000,0x00000000cf1c55f0,0x00000000cf200000)
 Metaspace       used 55515K, committed 56704K, reserved 1114112K
  class space    used 5735K, committed 6272K, reserved 1048576K
}
Event: 8.369 GC heap after
{Heap after GC invocations=180 (full 2):
 PSYoungGen      total 6656K, used 1216K [0x00000000eab00000, 0x00000000eb300000, 0x0000000100000000)
  eden space 5120K, 0% used [0x00000000eab00000,0x00000000eab00000,0x00000000eb000000)
  from space 1536K, 79% used [0x00000000eb180000,0x00000000eb2b00b0,0x00000000eb300000)
  to   space 1536K, 0% used [0x00000000eb000000,0x00000000eb000000,0x00000000eb180000)
 ParOldGen       total 248832K, used 248715K [0x00000000c0000000, 0x00000000cf300000, 0x00000000eab00000)
  object space 248832K, 99% used [0x00000000c0000000,0x00000000cf2e2d98,0x00000000cf300000)
 Metaspace       used 55515K, committed 56704K, reserved 1114112K
  class space    used 5735K, committed 6272K, reserved 1048576K
}
Event: 8.389 GC heap before
{Heap before GC invocations=181 (full 2):
 PSYoungGen      total 6656K, used 6336K [0x00000000eab00000, 0x00000000eb300000, 0x0000000100000000)
  eden space 5120K, 100% used [0x00000000eab00000,0x00000000eb000000,0x00000000eb000000)
  from space 1536K, 79% used [0x00000000eb180000,0x00000000eb2b00b0,0x00000000eb300000)
  to   space 1536K, 0% used [0x00000000eb000000,0x00000000eb000000,0x00000000eb180000)
 ParOldGen       total 248832K, used 248715K [0x00000000c0000000, 0x00000000cf300000, 0x00000000eab00000)
  object space 248832K, 99% used [0x00000000c0000000,0x00000000cf2e2d98,0x00000000cf300000)
 Metaspace       used 55588K, committed 56832K, reserved 1114112K
  class space    used 5740K, committed 6272K, reserved 1048576K
}
Event: 8.394 GC heap after
{Heap after GC invocations=181 (full 2):
 PSYoungGen      total 6656K, used 1147K [0x00000000eab00000, 0x00000000eb300000, 0x0000000100000000)
  eden space 5120K, 0% used [0x00000000eab00000,0x00000000eab00000,0x00000000eb000000)
  from space 1536K, 74% used [0x00000000eb000000,0x00000000eb11ec48,0x00000000eb180000)
  to   space 1536K, 0% used [0x00000000eb180000,0x00000000eb180000,0x00000000eb300000)
 ParOldGen       total 249856K, used 249776K [0x00000000c0000000, 0x00000000cf400000, 0x00000000eab00000)
  object space 249856K, 99% used [0x00000000c0000000,0x00000000cf3ec008,0x00000000cf400000)
 Metaspace       used 55588K, committed 56832K, reserved 1114112K
  class space    used 5740K, committed 6272K, reserved 1048576K
}
Event: 8.409 GC heap before
{Heap before GC invocations=182 (full 2):
 PSYoungGen      total 6656K, used 6267K [0x00000000eab00000, 0x00000000eb300000, 0x0000000100000000)
  eden space 5120K, 100% used [0x00000000eab00000,0x00000000eb000000,0x00000000eb000000)
  from space 1536K, 74% used [0x00000000eb000000,0x00000000eb11ec48,0x00000000eb180000)
  to   space 1536K, 0% used [0x00000000eb180000,0x00000000eb180000,0x00000000eb300000)
 ParOldGen       total 249856K, used 249776K [0x00000000c0000000, 0x00000000cf400000, 0x00000000eab00000)
  object space 249856K, 99% used [0x00000000c0000000,0x00000000cf3ec008,0x00000000cf400000)
 Metaspace       used 55664K, committed 56960K, reserved 1114112K
  class space    used 5753K, committed 6336K, reserved 1048576K
}
Event: 8.411 GC heap after
{Heap after GC invocations=182 (full 2):
 PSYoungGen      total 6656K, used 1194K [0x00000000eab00000, 0x00000000eb300000, 0x0000000100000000)
  eden space 5120K, 0% used [0x00000000eab00000,0x00000000eab00000,0x00000000eb000000)
  from space 1536K, 77% used [0x00000000eb180000,0x00000000eb2aa878,0x00000000eb300000)
  to   space 1536K, 0% used [0x00000000eb000000,0x00000000eb000000,0x00000000eb180000)
 ParOldGen       total 250880K, used 250791K [0x00000000c0000000, 0x00000000cf500000, 0x00000000eab00000)
  object space 250880K, 99% used [0x00000000c0000000,0x00000000cf4e9c20,0x00000000cf500000)
 Metaspace       used 55664K, committed 56960K, reserved 1114112K
  class space    used 5753K, committed 6336K, reserved 1048576K
}
Event: 8.434 GC heap before
{Heap before GC invocations=183 (full 2):
 PSYoungGen      total 6656K, used 6314K [0x00000000eab00000, 0x00000000eb300000, 0x0000000100000000)
  eden space 5120K, 100% used [0x00000000eab00000,0x00000000eb000000,0x00000000eb000000)
  from space 1536K, 77% used [0x00000000eb180000,0x00000000eb2aa878,0x00000000eb300000)
  to   space 1536K, 0% used [0x00000000eb000000,0x00000000eb000000,0x00000000eb180000)
 ParOldGen       total 250880K, used 250791K [0x00000000c0000000, 0x00000000cf500000, 0x00000000eab00000)
  object space 250880K, 99% used [0x00000000c0000000,0x00000000cf4e9c20,0x00000000cf500000)
 Metaspace       used 55757K, committed 57024K, reserved 1114112K
  class space    used 5767K, committed 6336K, reserved 1048576K
}
Event: 8.437 GC heap after
{Heap after GC invocations=183 (full 2):
 PSYoungGen      total 6656K, used 1225K [0x00000000eab00000, 0x00000000eb300000, 0x0000000100000000)
  eden space 5120K, 0% used [0x00000000eab00000,0x00000000eab00000,0x00000000eb000000)
  from space 1536K, 79% used [0x00000000eb000000,0x00000000eb1325f8,0x00000000eb180000)
  to   space 1536K, 0% used [0x00000000eb180000,0x00000000eb180000,0x00000000eb300000)
 ParOldGen       total 251904K, used 251796K [0x00000000c0000000, 0x00000000cf600000, 0x00000000eab00000)
  object space 251904K, 99% used [0x00000000c0000000,0x00000000cf5e5220,0x00000000cf600000)
 Metaspace       used 55757K, committed 57024K, reserved 1114112K
  class space    used 5767K, committed 6336K, reserved 1048576K
}
Event: 8.456 GC heap before
{Heap before GC invocations=184 (full 2):
 PSYoungGen      total 6656K, used 6345K [0x00000000eab00000, 0x00000000eb300000, 0x0000000100000000)
  eden space 5120K, 100% used [0x00000000eab00000,0x00000000eb000000,0x00000000eb000000)
  from space 1536K, 79% used [0x00000000eb000000,0x00000000eb1325f8,0x00000000eb180000)
  to   space 1536K, 0% used [0x00000000eb180000,0x00000000eb180000,0x00000000eb300000)
 ParOldGen       total 251904K, used 251796K [0x00000000c0000000, 0x00000000cf600000, 0x00000000eab00000)
  object space 251904K, 99% used [0x00000000c0000000,0x00000000cf5e5220,0x00000000cf600000)
 Metaspace       used 55765K, committed 57024K, reserved 1114112K
  class space    used 5767K, committed 6336K, reserved 1048576K
}
Event: 8.458 GC heap after
{Heap after GC invocations=184 (full 2):
 PSYoungGen      total 6656K, used 1440K [0x00000000eab00000, 0x00000000eb300000, 0x0000000100000000)
  eden space 5120K, 0% used [0x00000000eab00000,0x00000000eab00000,0x00000000eb000000)
  from space 1536K, 93% used [0x00000000eb180000,0x00000000eb2e8000,0x00000000eb300000)
  to   space 1536K, 0% used [0x00000000eb000000,0x00000000eb000000,0x00000000eb180000)
 ParOldGen       total 252928K, used 252877K [0x00000000c0000000, 0x00000000cf700000, 0x00000000eab00000)
  object space 252928K, 99% used [0x00000000c0000000,0x00000000cf6f34e0,0x00000000cf700000)
 Metaspace       used 55765K, committed 57024K, reserved 1114112K
  class space    used 5767K, committed 6336K, reserved 1048576K
}
Event: 8.480 GC heap before
{Heap before GC invocations=185 (full 2):
 PSYoungGen      total 6656K, used 6560K [0x00000000eab00000, 0x00000000eb300000, 0x0000000100000000)
  eden space 5120K, 100% used [0x00000000eab00000,0x00000000eb000000,0x00000000eb000000)
  from space 1536K, 93% used [0x00000000eb180000,0x00000000eb2e8000,0x00000000eb300000)
  to   space 1536K, 0% used [0x00000000eb000000,0x00000000eb000000,0x00000000eb180000)
 ParOldGen       total 252928K, used 252877K [0x00000000c0000000, 0x00000000cf700000, 0x00000000eab00000)
  object space 252928K, 99% used [0x00000000c0000000,0x00000000cf6f34e0,0x00000000cf700000)
 Metaspace       used 55777K, committed 57088K, reserved 1114112K
  class space    used 5767K, committed 6336K, reserved 1048576K
}
Event: 8.482 GC heap after
{Heap after GC invocations=185 (full 2):
 PSYoungGen      total 6656K, used 6560K [0x00000000eab00000, 0x00000000eb300000, 0x0000000100000000)
  eden space 5120K, 100% used [0x00000000eab00000,0x00000000eb000000,0x00000000eb000000)
  from space 1536K, 93% used [0x00000000eb180000,0x00000000eb2e8000,0x00000000eb300000)
  to   space 1536K, 83% used [0x00000000eb000000,0x00000000eb141d78,0x00000000eb180000)
 ParOldGen       total 254464K, used 254077K [0x00000000c0000000, 0x00000000cf880000, 0x00000000eab00000)
  object space 254464K, 99% used [0x00000000c0000000,0x00000000cf81f758,0x00000000cf880000)
 Metaspace       used 55777K, committed 57088K, reserved 1114112K
  class space    used 5767K, committed 6336K, reserved 1048576K
}
Event: 8.482 GC heap before
{Heap before GC invocations=186 (full 3):
 PSYoungGen      total 6656K, used 6560K [0x00000000eab00000, 0x00000000eb300000, 0x0000000100000000)
  eden space 5120K, 100% used [0x00000000eab00000,0x00000000eb000000,0x00000000eb000000)
  from space 1536K, 93% used [0x00000000eb180000,0x00000000eb2e8000,0x00000000eb300000)
  to   space 1536K, 83% used [0x00000000eb000000,0x00000000eb141d78,0x00000000eb180000)
 ParOldGen       total 254464K, used 254077K [0x00000000c0000000, 0x00000000cf880000, 0x00000000eab00000)
  object space 254464K, 99% used [0x00000000c0000000,0x00000000cf81f758,0x00000000cf880000)
 Metaspace       used 55777K, committed 57088K, reserved 1114112K
  class space    used 5767K, committed 6336K, reserved 1048576K
}

